<?xml version="1.0" encoding="UTF-8"?>
<!-- Generated by org.testng.reporters.JUnitReportReporter -->
<testsuite skipped="0" hostname="DESKTOP-U4R5QIM" name="com.angile.LibraryTest.BookTest" tests="33" failures="0" timestamp="25 Feb 2019 12:27:41 GMT" time="0.029" errors="0">
  <testcase name="addBook3" time="0.001" classname="com.angile.LibraryTest.BookTest"/>
  <testcase name="addBook2" time="0.003" classname="com.angile.LibraryTest.BookTest"/>
  <testcase name="addBook" time="0.001" classname="com.angile.LibraryTest.BookTest"/>
  <testcase name="addBook" time="0.000" classname="com.angile.LibraryTest.BookTest"/>
  <testcase name="addBook3" time="0.000" classname="com.angile.LibraryTest.BookTest"/>
  <testcase name="addBook3" time="0.001" classname="com.angile.LibraryTest.BookTest"/>
  <testcase name="addBook2" time="0.000" classname="com.angile.LibraryTest.BookTest"/>
  <testcase name="addBook3" time="0.001" classname="com.angile.LibraryTest.BookTest"/>
  <testcase name="addBook" time="0.001" classname="com.angile.LibraryTest.BookTest"/>
  <testcase name="addBook" time="0.001" classname="com.angile.LibraryTest.BookTest"/>
  <testcase name="addBook" time="0.000" classname="com.angile.LibraryTest.BookTest"/>
  <testcase name="addBook3" time="0.001" classname="com.angile.LibraryTest.BookTest"/>
  <testcase name="addBook2" time="0.001" classname="com.angile.LibraryTest.BookTest"/>
  <testcase name="addBook2" time="0.003" classname="com.angile.LibraryTest.BookTest"/>
  <testcase name="addBook2" time="0.001" classname="com.angile.LibraryTest.BookTest"/>
  <testcase name="addBook" time="0.000" classname="com.angile.LibraryTest.BookTest"/>
  <testcase name="addBook2" time="0.000" classname="com.angile.LibraryTest.BookTest"/>
  <testcase name="addBook" time="0.001" classname="com.angile.LibraryTest.BookTest"/>
  <testcase name="addBook" time="0.001" classname="com.angile.LibraryTest.BookTest"/>
  <testcase name="addBook2" time="0.001" classname="com.angile.LibraryTest.BookTest"/>
  <testcase name="addBook3" time="0.001" classname="com.angile.LibraryTest.BookTest"/>
  <testcase name="addBook2" time="0.001" classname="com.angile.LibraryTest.BookTest"/>
  <testcase name="addBook" time="0.000" classname="com.angile.LibraryTest.BookTest"/>
  <testcase name="addBook2" time="0.000" classname="com.angile.LibraryTest.BookTest"/>
  <testcase name="addBook" time="0.000" classname="com.angile.LibraryTest.BookTest"/>
  <testcase name="addBook" time="0.001" classname="com.angile.LibraryTest.BookTest"/>
  <testcase name="addBook3" time="0.001" classname="com.angile.LibraryTest.BookTest"/>
  <testcase name="addBook2" time="0.002" classname="com.angile.LibraryTest.BookTest"/>
  <testcase name="addBook3" time="0.001" classname="com.angile.LibraryTest.BookTest"/>
  <testcase name="addBook" time="0.001" classname="com.angile.LibraryTest.BookTest"/>
  <testcase name="addBook2" time="0.001" classname="com.angile.LibraryTest.BookTest"/>
  <testcase name="addBook3" time="0.001" classname="com.angile.LibraryTest.BookTest"/>
  <testcase name="addBook2" time="0.001" classname="com.angile.LibraryTest.BookTest"/>
</testsuite> <!-- com.angile.LibraryTest.BookTest -->
