<?xml version="1.0" encoding="UTF-8"?>
<!-- Generated by org.testng.reporters.JUnitReportReporter -->
<testsuite skipped="0" hostname="DESKTOP-U4R5QIM" name="com.angile.LibraryTest.PlubhingTest" tests="10" failures="0" timestamp="27 Feb 2019 12:08:56 GMT" time="0.246" errors="0">
  <testcase name="addPublishing" time="0.000" classname="com.angile.LibraryTest.PlubhingTest"/>
  <testcase name="addPublishing" time="0.000" classname="com.angile.LibraryTest.PlubhingTest"/>
  <testcase name="addPublishing" time="0.000" classname="com.angile.LibraryTest.PlubhingTest"/>
  <testcase name="addPublishing" time="0.000" classname="com.angile.LibraryTest.PlubhingTest"/>
  <testcase name="addPublishing" time="0.246" classname="com.angile.LibraryTest.PlubhingTest"/>
  <testcase name="addPublishing" time="0.000" classname="com.angile.LibraryTest.PlubhingTest"/>
  <testcase name="addPublishing" time="0.000" classname="com.angile.LibraryTest.PlubhingTest"/>
  <testcase name="addPublishing" time="0.000" classname="com.angile.LibraryTest.PlubhingTest"/>
  <testcase name="addPublishing" time="0.000" classname="com.angile.LibraryTest.PlubhingTest"/>
  <testcase name="addPublishing" time="0.000" classname="com.angile.LibraryTest.PlubhingTest"/>
</testsuite> <!-- com.angile.LibraryTest.PlubhingTest -->
