<?xml version="1.0" encoding="UTF-8"?>
<!-- Generated by org.testng.reporters.JUnitReportReporter -->
<testsuite skipped="0" hostname="DESKTOP-U4R5QIM" name="com.angile.LibraryTest.BookTest" tests="1" failures="0" timestamp="23 Feb 2019 19:10:30 GMT" time="0.001" errors="0">
  <testcase name="f" time="0.001" classname="com.angile.LibraryTest.BookTest"/>
</testsuite> <!-- com.angile.LibraryTest.BookTest -->
