<?xml version="1.0" encoding="UTF-8"?>
<!-- Generated by org.testng.reporters.JUnitReportReporter -->
<testsuite skipped="0" hostname="DESKTOP-U4R5QIM" name="com.angile.LibraryTest.BookTest" tests="33" failures="0" timestamp="27 Feb 2019 12:08:56 GMT" time="1.137" errors="0">
  <testcase name="addBook" time="0.032" classname="com.angile.LibraryTest.BookTest"/>
  <testcase name="addBook2" time="0.032" classname="com.angile.LibraryTest.BookTest"/>
  <testcase name="addBook2" time="0.238" classname="com.angile.LibraryTest.BookTest"/>
  <testcase name="addBook" time="0.032" classname="com.angile.LibraryTest.BookTest"/>
  <testcase name="addBook2" time="0.018" classname="com.angile.LibraryTest.BookTest"/>
  <testcase name="addBook" time="0.034" classname="com.angile.LibraryTest.BookTest"/>
  <testcase name="addBook2" time="0.024" classname="com.angile.LibraryTest.BookTest"/>
  <testcase name="addBook2" time="0.032" classname="com.angile.LibraryTest.BookTest"/>
  <testcase name="addBook3" time="0.016" classname="com.angile.LibraryTest.BookTest"/>
  <testcase name="addBook3" time="0.031" classname="com.angile.LibraryTest.BookTest"/>
  <testcase name="addBook" time="0.017" classname="com.angile.LibraryTest.BookTest"/>
  <testcase name="addBook" time="0.048" classname="com.angile.LibraryTest.BookTest"/>
  <testcase name="addBook2" time="0.047" classname="com.angile.LibraryTest.BookTest"/>
  <testcase name="addBook2" time="0.032" classname="com.angile.LibraryTest.BookTest"/>
  <testcase name="addBook2" time="0.031" classname="com.angile.LibraryTest.BookTest"/>
  <testcase name="addBook2" time="0.015" classname="com.angile.LibraryTest.BookTest"/>
  <testcase name="addBook" time="0.036" classname="com.angile.LibraryTest.BookTest"/>
  <testcase name="addBook3" time="0.031" classname="com.angile.LibraryTest.BookTest"/>
  <testcase name="addBook" time="0.024" classname="com.angile.LibraryTest.BookTest"/>
  <testcase name="addBook3" time="0.040" classname="com.angile.LibraryTest.BookTest"/>
  <testcase name="addBook" time="0.015" classname="com.angile.LibraryTest.BookTest"/>
  <testcase name="addBook3" time="0.031" classname="com.angile.LibraryTest.BookTest"/>
  <testcase name="addBook3" time="0.044" classname="com.angile.LibraryTest.BookTest"/>
  <testcase name="addBook" time="0.027" classname="com.angile.LibraryTest.BookTest"/>
  <testcase name="addBook2" time="0.024" classname="com.angile.LibraryTest.BookTest"/>
  <testcase name="addBook3" time="0.018" classname="com.angile.LibraryTest.BookTest"/>
  <testcase name="addBook" time="0.017" classname="com.angile.LibraryTest.BookTest"/>
  <testcase name="addBook2" time="0.021" classname="com.angile.LibraryTest.BookTest"/>
  <testcase name="addBook3" time="0.029" classname="com.angile.LibraryTest.BookTest"/>
  <testcase name="addBook" time="0.031" classname="com.angile.LibraryTest.BookTest"/>
  <testcase name="addBook2" time="0.028" classname="com.angile.LibraryTest.BookTest"/>
  <testcase name="addBook" time="0.026" classname="com.angile.LibraryTest.BookTest"/>
  <testcase name="addBook3" time="0.016" classname="com.angile.LibraryTest.BookTest"/>
</testsuite> <!-- com.angile.LibraryTest.BookTest -->
