<?xml version="1.0" encoding="UTF-8"?>
<!-- Generated by org.testng.reporters.JUnitReportReporter -->
<testsuite skipped="0" hostname="DESKTOP-U4R5QIM" name="com.angile.LibraryTest.AuthorDaoTestNg" tests="10" failures="0" timestamp="25 Feb 2019 12:27:41 GMT" time="5.669" errors="0">
  <testcase name="addAuthor" time="0.542" classname="com.angile.LibraryTest.AuthorDaoTestNg"/>
  <testcase name="addAuthor" time="0.559" classname="com.angile.LibraryTest.AuthorDaoTestNg"/>
  <testcase name="addAuthor" time="0.596" classname="com.angile.LibraryTest.AuthorDaoTestNg"/>
  <testcase name="addAuthor" time="0.578" classname="com.angile.LibraryTest.AuthorDaoTestNg"/>
  <testcase name="addAuthor" time="0.585" classname="com.angile.LibraryTest.AuthorDaoTestNg"/>
  <testcase name="addAuthor" time="0.557" classname="com.angile.LibraryTest.AuthorDaoTestNg"/>
  <testcase name="addAuthor" time="0.574" classname="com.angile.LibraryTest.AuthorDaoTestNg"/>
  <testcase name="addAuthor" time="0.568" classname="com.angile.LibraryTest.AuthorDaoTestNg"/>
  <testcase name="addAuthor" time="0.536" classname="com.angile.LibraryTest.AuthorDaoTestNg"/>
  <testcase name="addAuthor" time="0.574" classname="com.angile.LibraryTest.AuthorDaoTestNg"/>
</testsuite> <!-- com.angile.LibraryTest.AuthorDaoTestNg -->
