<?xml version="1.0" encoding="UTF-8"?>
<!-- Generated by org.testng.reporters.JUnitReportReporter -->
<testsuite skipped="0" hostname="DESKTOP-U4R5QIM" name="com.angile.LibraryTest.AuthorDaoTestNg" tests="10" failures="0" timestamp="23 Feb 2019 19:10:31 GMT" time="5.693" errors="0">
  <testcase name="addAuthor" time="0.585" classname="com.angile.LibraryTest.AuthorDaoTestNg"/>
  <testcase name="addAuthor" time="0.554" classname="com.angile.LibraryTest.AuthorDaoTestNg"/>
  <testcase name="addAuthor" time="0.621" classname="com.angile.LibraryTest.AuthorDaoTestNg"/>
  <testcase name="addAuthor" time="0.567" classname="com.angile.LibraryTest.AuthorDaoTestNg"/>
  <testcase name="addAuthor" time="0.572" classname="com.angile.LibraryTest.AuthorDaoTestNg"/>
  <testcase name="addAuthor" time="0.575" classname="com.angile.LibraryTest.AuthorDaoTestNg"/>
  <testcase name="addAuthor" time="0.555" classname="com.angile.LibraryTest.AuthorDaoTestNg"/>
  <testcase name="addAuthor" time="0.547" classname="com.angile.LibraryTest.AuthorDaoTestNg"/>
  <testcase name="addAuthor" time="0.569" classname="com.angile.LibraryTest.AuthorDaoTestNg"/>
  <testcase name="addAuthor" time="0.548" classname="com.angile.LibraryTest.AuthorDaoTestNg"/>
</testsuite> <!-- com.angile.LibraryTest.AuthorDaoTestNg -->
