<?xml version="1.0" encoding="UTF-8"?>
<!-- Generated by org.testng.reporters.JUnitReportReporter -->
<testsuite skipped="0" hostname="DESKTOP-U4R5QIM" name="com.angile.seleliumTest.TestInputYear" tests="1" failures="0" timestamp="25 Feb 2019 07:33:38 GMT" time="1.248" errors="0">
  <testcase name="add_01" time="1.248" classname="com.angile.seleliumTest.TestInputYear"/>
</testsuite> <!-- com.angile.seleliumTest.TestInputYear -->
