<?xml version="1.0" encoding="UTF-8"?>
<!-- Generated by org.testng.reporters.JUnitReportReporter -->
<testsuite skipped="0" hostname="DESKTOP-U4R5QIM" name="com.angile.LibraryTest.AuthorDaoTestNg" tests="10" failures="0" timestamp="27 Feb 2019 12:08:56 GMT" time="5.683" errors="0">
  <testcase name="addAuthor" time="0.544" classname="com.angile.LibraryTest.AuthorDaoTestNg"/>
  <testcase name="addAuthor" time="0.559" classname="com.angile.LibraryTest.AuthorDaoTestNg"/>
  <testcase name="addAuthor" time="0.604" classname="com.angile.LibraryTest.AuthorDaoTestNg"/>
  <testcase name="addAuthor" time="0.615" classname="com.angile.LibraryTest.AuthorDaoTestNg"/>
  <testcase name="addAuthor" time="0.571" classname="com.angile.LibraryTest.AuthorDaoTestNg"/>
  <testcase name="addAuthor" time="0.537" classname="com.angile.LibraryTest.AuthorDaoTestNg"/>
  <testcase name="addAuthor" time="0.527" classname="com.angile.LibraryTest.AuthorDaoTestNg"/>
  <testcase name="addAuthor" time="0.553" classname="com.angile.LibraryTest.AuthorDaoTestNg"/>
  <testcase name="addAuthor" time="0.602" classname="com.angile.LibraryTest.AuthorDaoTestNg"/>
  <testcase name="addAuthor" time="0.571" classname="com.angile.LibraryTest.AuthorDaoTestNg"/>
</testsuite> <!-- com.angile.LibraryTest.AuthorDaoTestNg -->
